<html>
<head>
<title>TestNG:  Default test</title>
<link href="../testng.css" rel="stylesheet" type="text/css" />
<link href="../my-testng.css" rel="stylesheet" type="text/css" />

<style type="text/css">
.log { display: none;} 
.stack-trace { display: none;} 
</style>
<script type="text/javascript">
<!--
function flip(e) {
  current = e.style.display;
  if (current == 'block') {
    e.style.display = 'none';
    return 0;
  }
  else {
    e.style.display = 'block';
    return 1;
  }
}

function toggleBox(szDivId, elem, msg1, msg2)
{
  var res = -1;  if (document.getElementById) {
    res = flip(document.getElementById(szDivId));
  }
  else if (document.all) {
    // this is the way old msie versions work
    res = flip(document.all[szDivId]);
  }
  if(elem) {
    if(res == 0) elem.innerHTML = msg1; else elem.innerHTML = msg2;
  }

}

function toggleAllBoxes() {
  if (document.getElementsByTagName) {
    d = document.getElementsByTagName('div');
    for (i = 0; i < d.length; i++) {
      if (d[i].className == 'log') {
        flip(d[i]);
      }
    }
  }
}

// -->
</script>

</head>
<body>
<h2 align='center'>Default test</h2><table border='1' align="center">
<tr>
<td>Tests passed/Failed/Skipped:</td><td>25/5/0</td>
</tr><tr>
<td>Started on:</td><td>Tue Jan 21 22:18:37 IST 2025</td>
</tr>
<tr><td>Total time:</td><td>453 seconds (453528 ms)</td>
</tr><tr>
<td>Included groups:</td><td></td>
</tr><tr>
<td>Excluded groups:</td><td></td>
</tr>
</table><p/>
<small><i>(Hover the method name to see the test class name)</i></small><p/>
<table width='100%' border='1' class='invocation-failed'>
<tr><td colspan='4' align='center'><b>FAILED TESTS</b></td></tr>
<tr><td><b>Test method</b></td>
<td><b>Attribute(s)</b></td>
<td width="30%"><b>Exception</b></td>
<td width="10%"><b>Time (seconds)</b></td>
<td><b>Instance</b></td>
</tr>
<tr>
<td title='testRunner.RunnerClass.runScenario()'><b>runScenario</b><br>Test class: testRunner.RunnerClass<br>Test method: Runs Cucumber Scenarios<br>Parameters: "Validation of Quote Generation Page", "ES19_Quote Generation"</td>
<td><div><pre>org.openqa.selenium.NoSuchElementException: no such element: Unable to locate element: {&quot;method&quot;:&quot;xpath&quot;,&quot;selector&quot;:&quot;//select[@name=&apos;policyType&apos;]&quot;}
  (Session info: chrome=132.0.6834.83)
For documentation on this error, please visit: https://www.selenium.dev/documentation/webdriver/troubleshooting/errors#no-such-element-exception
Build info: version: &apos;4.27.0&apos;, revision: &apos;d6e718d134&apos;
System info: os.name: &apos;Windows 11&apos;, os.arch: &apos;amd64&apos;, os.version: &apos;10.0&apos;, java.version: &apos;23.0.1&apos;
Driver info: org.openqa.selenium.chrome.ChromeDriver
Command: [a3650013ff65689856d59d0b4622b884, findElement {value=//select[@name=&apos;policyType&apos;], using=xpath}]
Capabilities {acceptInsecureCerts: false, browserName: chrome, browserVersion: 132.0.6834.83, chrome: {chromedriverVersion: 132.0.6834.83 (03d59cf5ecf1..., userDataDir: C:\Users\SKANNI~1\AppData\L...}, fedcm:accounts: true, goog:chromeOptions: {debuggerAddress: localhost:65330}, networkConnectionEnabled: false, pageLoadStrategy: normal, platformName: windows, proxy: Proxy(), se:cdp: ws://localhost:65330/devtoo..., se:cdpVersion: 132.0.6834.83, setWindowRect: true, strictFileInteractability: false, timeouts: {implicit: 0, pageLoad: 300000, script: 30000}, unhandledPromptBehavior: dismiss and notify, webauthn:extension:credBlob: true, webauthn:extension:largeBlob: true, webauthn:extension:minPinLength: true, webauthn:extension:prf: true, webauthn:virtualAuthenticators: true}
Session ID: a3650013ff65689856d59d0b4622b884
	at java.base/jdk.internal.reflect.DirectConstructorHandleAccessor.newInstance(DirectConstructorHandleAccessor.java:62)
	at java.base/java.lang.reflect.Constructor.newInstanceWithCaller(Constructor.java:501)
	at java.base/java.lang.reflect.Constructor.newInstance(Constructor.java:485)
	at org.openqa.selenium.remote.ErrorCodec.decode(ErrorCodec.java:167)
	at org.openqa.selenium.remote.codec.w3c.W3CHttpResponseCodec.decode(W3CHttpResponseCodec.java:138)
	at org.openqa.selenium.remote.codec.w3c.W3CHttpResponseCodec.decode(W3CHttpResponseCodec.java:50)
	at org.openqa.selenium.remote.HttpCommandExecutor.execute(HttpCommandExecutor.java:190)
	at org.openqa.selenium.remote.service.DriverCommandExecutor.invokeExecute(DriverCommandExecutor.java:216)
	at org.openqa.selenium.remote.service.DriverCommandExecutor.execute(DriverCommandExecutor.java:174)
	at org.openqa.selenium.remote.RemoteWebDriver.execute(RemoteWebDriver.java:545)
	at org.openqa.selenium.remote.ElementLocation$ElementFinder$2.findElement(ElementLocation.java:165)
	at org.openqa.selenium.remote.ElementLocation.findElement(ElementLocation.java:59)
	at org.openqa.selenium.remote.RemoteWebDriver.findElement(RemoteWebDriver.java:368)
	at org.openqa.selenium.remote.RemoteWebDriver.findElement(RemoteWebDriver.java:362)
	at stepDefinition.F12_QuoteGeneration.userEntersAnd(F12_QuoteGeneration.java:21)
	at ✽.User enters &quot;Home&quot;, &quot;60000&quot; and &quot;28&quot;(file:///C:/Users/skanniyappan/git/repository/EXP_PROJECT_TEAM/src/test/resources/feature12_quoteGeneration.feature:8)
</pre></div><a href='#' onClick='toggleBox("stack-trace997609062", this, "Click to show all stack frames", "Click to hide stack frames")'>Click to show all stack frames</a>
<div class='stack-trace' id='stack-trace997609062'><pre>org.openqa.selenium.NoSuchElementException: no such element: Unable to locate element: {&quot;method&quot;:&quot;xpath&quot;,&quot;selector&quot;:&quot;//select[@name=&apos;policyType&apos;]&quot;}
  (Session info: chrome=132.0.6834.83)
For documentation on this error, please visit: https://www.selenium.dev/documentation/webdriver/troubleshooting/errors#no-such-element-exception
Build info: version: &apos;4.27.0&apos;, revision: &apos;d6e718d134&apos;
System info: os.name: &apos;Windows 11&apos;, os.arch: &apos;amd64&apos;, os.version: &apos;10.0&apos;, java.version: &apos;23.0.1&apos;
Driver info: org.openqa.selenium.chrome.ChromeDriver
Command: [a3650013ff65689856d59d0b4622b884, findElement {value=//select[@name=&apos;policyType&apos;], using=xpath}]
Capabilities {acceptInsecureCerts: false, browserName: chrome, browserVersion: 132.0.6834.83, chrome: {chromedriverVersion: 132.0.6834.83 (03d59cf5ecf1..., userDataDir: C:\Users\SKANNI~1\AppData\L...}, fedcm:accounts: true, goog:chromeOptions: {debuggerAddress: localhost:65330}, networkConnectionEnabled: false, pageLoadStrategy: normal, platformName: windows, proxy: Proxy(), se:cdp: ws://localhost:65330/devtoo..., se:cdpVersion: 132.0.6834.83, setWindowRect: true, strictFileInteractability: false, timeouts: {implicit: 0, pageLoad: 300000, script: 30000}, unhandledPromptBehavior: dismiss and notify, webauthn:extension:credBlob: true, webauthn:extension:largeBlob: true, webauthn:extension:minPinLength: true, webauthn:extension:prf: true, webauthn:virtualAuthenticators: true}
Session ID: a3650013ff65689856d59d0b4622b884
	at java.base/jdk.internal.reflect.DirectConstructorHandleAccessor.newInstance(DirectConstructorHandleAccessor.java:62)
	at java.base/java.lang.reflect.Constructor.newInstanceWithCaller(Constructor.java:501)
	at java.base/java.lang.reflect.Constructor.newInstance(Constructor.java:485)
	at org.openqa.selenium.remote.ErrorCodec.decode(ErrorCodec.java:167)
	at org.openqa.selenium.remote.codec.w3c.W3CHttpResponseCodec.decode(W3CHttpResponseCodec.java:138)
	at org.openqa.selenium.remote.codec.w3c.W3CHttpResponseCodec.decode(W3CHttpResponseCodec.java:50)
	at org.openqa.selenium.remote.HttpCommandExecutor.execute(HttpCommandExecutor.java:190)
	at org.openqa.selenium.remote.service.DriverCommandExecutor.invokeExecute(DriverCommandExecutor.java:216)
	at org.openqa.selenium.remote.service.DriverCommandExecutor.execute(DriverCommandExecutor.java:174)
	at org.openqa.selenium.remote.RemoteWebDriver.execute(RemoteWebDriver.java:545)
	at org.openqa.selenium.remote.ElementLocation$ElementFinder$2.findElement(ElementLocation.java:165)
	at org.openqa.selenium.remote.ElementLocation.findElement(ElementLocation.java:59)
	at org.openqa.selenium.remote.RemoteWebDriver.findElement(RemoteWebDriver.java:368)
	at org.openqa.selenium.remote.RemoteWebDriver.findElement(RemoteWebDriver.java:362)
	at stepDefinition.F12_QuoteGeneration.userEntersAnd(F12_QuoteGeneration.java:21)
	at ✽.User enters &quot;Home&quot;, &quot;60000&quot; and &quot;28&quot;(file:///C:/Users/skanniyappan/git/repository/EXP_PROJECT_TEAM/src/test/resources/feature12_quoteGeneration.feature:8)
</pre></div></td>
<td>14</td>
<td>testRunner.RunnerClass@5aebe890</td></tr>
<tr>
<td title='testRunner.RunnerClass.runScenario()'><b>runScenario</b><br>Test class: testRunner.RunnerClass<br>Test method: Runs Cucumber Scenarios<br>Parameters: "Validating New Insurance Details - Without Fields", "ES10_New Insurance Details - Negative Test Cases"</td>
<td><div><pre>org.openqa.selenium.TimeoutException: Expected condition failed: waiting for presence of any elements located by By.xpath: //p[contains(@class, &apos;error&apos;)] (tried for 10 second(s) with 500 milliseconds interval)
Build info: version: &apos;4.27.0&apos;, revision: &apos;d6e718d134&apos;
System info: os.name: &apos;Windows 11&apos;, os.arch: &apos;amd64&apos;, os.version: &apos;10.0&apos;, java.version: &apos;23.0.1&apos;
Driver info: org.openqa.selenium.chrome.ChromeDriver
Capabilities {acceptInsecureCerts: false, browserName: chrome, browserVersion: 132.0.6834.83, chrome: {chromedriverVersion: 132.0.6834.83 (03d59cf5ecf1..., userDataDir: C:\Users\SKANNI~1\AppData\L...}, fedcm:accounts: true, goog:chromeOptions: {debuggerAddress: localhost:65209}, networkConnectionEnabled: false, pageLoadStrategy: normal, platformName: windows, proxy: Proxy(), se:cdp: ws://localhost:65209/devtoo..., se:cdpVersion: 132.0.6834.83, setWindowRect: true, strictFileInteractability: false, timeouts: {implicit: 0, pageLoad: 300000, script: 30000}, unhandledPromptBehavior: dismiss and notify, webauthn:extension:credBlob: true, webauthn:extension:largeBlob: true, webauthn:extension:minPinLength: true, webauthn:extension:prf: true, webauthn:virtualAuthenticators: true}
Session ID: 37feb98b157a846ddf2932ec6bc8d70d
	at org.openqa.selenium.support.ui.WebDriverWait.timeoutException(WebDriverWait.java:84)
	at org.openqa.selenium.support.ui.FluentWait.until(FluentWait.java:228)
	at stepDefinition.F10_NewInsuranceNegativeCases.it_should_be_logged_out(F10_NewInsuranceNegativeCases.java:65)
	at ✽.It should be logged out(file:///C:/Users/skanniyappan/git/repository/EXP_PROJECT_TEAM/src/test/resources/feature10_NewInsuranceNegativeCases.feature:12)
</pre></div><a href='#' onClick='toggleBox("stack-trace1897978534", this, "Click to show all stack frames", "Click to hide stack frames")'>Click to show all stack frames</a>
<div class='stack-trace' id='stack-trace1897978534'><pre>org.openqa.selenium.TimeoutException: Expected condition failed: waiting for presence of any elements located by By.xpath: //p[contains(@class, &apos;error&apos;)] (tried for 10 second(s) with 500 milliseconds interval)
Build info: version: &apos;4.27.0&apos;, revision: &apos;d6e718d134&apos;
System info: os.name: &apos;Windows 11&apos;, os.arch: &apos;amd64&apos;, os.version: &apos;10.0&apos;, java.version: &apos;23.0.1&apos;
Driver info: org.openqa.selenium.chrome.ChromeDriver
Capabilities {acceptInsecureCerts: false, browserName: chrome, browserVersion: 132.0.6834.83, chrome: {chromedriverVersion: 132.0.6834.83 (03d59cf5ecf1..., userDataDir: C:\Users\SKANNI~1\AppData\L...}, fedcm:accounts: true, goog:chromeOptions: {debuggerAddress: localhost:65209}, networkConnectionEnabled: false, pageLoadStrategy: normal, platformName: windows, proxy: Proxy(), se:cdp: ws://localhost:65209/devtoo..., se:cdpVersion: 132.0.6834.83, setWindowRect: true, strictFileInteractability: false, timeouts: {implicit: 0, pageLoad: 300000, script: 30000}, unhandledPromptBehavior: dismiss and notify, webauthn:extension:credBlob: true, webauthn:extension:largeBlob: true, webauthn:extension:minPinLength: true, webauthn:extension:prf: true, webauthn:virtualAuthenticators: true}
Session ID: 37feb98b157a846ddf2932ec6bc8d70d
	at org.openqa.selenium.support.ui.WebDriverWait.timeoutException(WebDriverWait.java:84)
	at org.openqa.selenium.support.ui.FluentWait.until(FluentWait.java:228)
	at stepDefinition.F10_NewInsuranceNegativeCases.it_should_be_logged_out(F10_NewInsuranceNegativeCases.java:65)
	at ✽.It should be logged out(file:///C:/Users/skanniyappan/git/repository/EXP_PROJECT_TEAM/src/test/resources/feature10_NewInsuranceNegativeCases.feature:12)
</pre></div></td>
<td>21</td>
<td>testRunner.RunnerClass@5aebe890</td></tr>
<tr>
<td title='testRunner.RunnerClass.runScenario()'><b>runScenario</b><br>Test class: testRunner.RunnerClass<br>Test method: Runs Cucumber Scenarios<br>Parameters: "Validation of Quote Generation Page", "ES19_Quote Generation"</td>
<td><div><pre>org.openqa.selenium.NoSuchElementException: no such element: Unable to locate element: {&quot;method&quot;:&quot;xpath&quot;,&quot;selector&quot;:&quot;//select[@name=&apos;policyType&apos;]&quot;}
  (Session info: chrome=132.0.6834.83)
For documentation on this error, please visit: https://www.selenium.dev/documentation/webdriver/troubleshooting/errors#no-such-element-exception
Build info: version: &apos;4.27.0&apos;, revision: &apos;d6e718d134&apos;
System info: os.name: &apos;Windows 11&apos;, os.arch: &apos;amd64&apos;, os.version: &apos;10.0&apos;, java.version: &apos;23.0.1&apos;
Driver info: org.openqa.selenium.chrome.ChromeDriver
Command: [f0261795cdee710a0305dbc658570416, findElement {value=//select[@name=&apos;policyType&apos;], using=xpath}]
Capabilities {acceptInsecureCerts: false, browserName: chrome, browserVersion: 132.0.6834.83, chrome: {chromedriverVersion: 132.0.6834.83 (03d59cf5ecf1..., userDataDir: C:\Users\SKANNI~1\AppData\L...}, fedcm:accounts: true, goog:chromeOptions: {debuggerAddress: localhost:65283}, networkConnectionEnabled: false, pageLoadStrategy: normal, platformName: windows, proxy: Proxy(), se:cdp: ws://localhost:65283/devtoo..., se:cdpVersion: 132.0.6834.83, setWindowRect: true, strictFileInteractability: false, timeouts: {implicit: 0, pageLoad: 300000, script: 30000}, unhandledPromptBehavior: dismiss and notify, webauthn:extension:credBlob: true, webauthn:extension:largeBlob: true, webauthn:extension:minPinLength: true, webauthn:extension:prf: true, webauthn:virtualAuthenticators: true}
Session ID: f0261795cdee710a0305dbc658570416
	at java.base/jdk.internal.reflect.DirectConstructorHandleAccessor.newInstance(DirectConstructorHandleAccessor.java:62)
	at java.base/java.lang.reflect.Constructor.newInstanceWithCaller(Constructor.java:501)
	at java.base/java.lang.reflect.Constructor.newInstance(Constructor.java:485)
	at org.openqa.selenium.remote.ErrorCodec.decode(ErrorCodec.java:167)
	at org.openqa.selenium.remote.codec.w3c.W3CHttpResponseCodec.decode(W3CHttpResponseCodec.java:138)
	at org.openqa.selenium.remote.codec.w3c.W3CHttpResponseCodec.decode(W3CHttpResponseCodec.java:50)
	at org.openqa.selenium.remote.HttpCommandExecutor.execute(HttpCommandExecutor.java:190)
	at org.openqa.selenium.remote.service.DriverCommandExecutor.invokeExecute(DriverCommandExecutor.java:216)
	at org.openqa.selenium.remote.service.DriverCommandExecutor.execute(DriverCommandExecutor.java:174)
	at org.openqa.selenium.remote.RemoteWebDriver.execute(RemoteWebDriver.java:545)
	at org.openqa.selenium.remote.ElementLocation$ElementFinder$2.findElement(ElementLocation.java:165)
	at org.openqa.selenium.remote.ElementLocation.findElement(ElementLocation.java:59)
	at org.openqa.selenium.remote.RemoteWebDriver.findElement(RemoteWebDriver.java:368)
	at org.openqa.selenium.remote.RemoteWebDriver.findElement(RemoteWebDriver.java:362)
	at stepDefinition.F12_QuoteGeneration.userEntersAnd(F12_QuoteGeneration.java:21)
	at ✽.User enters &quot;Health&quot;, &quot;30000&quot; and &quot;26&quot;(file:///C:/Users/skanniyappan/git/repository/EXP_PROJECT_TEAM/src/test/resources/feature12_quoteGeneration.feature:8)
</pre></div><a href='#' onClick='toggleBox("stack-trace239471777", this, "Click to show all stack frames", "Click to hide stack frames")'>Click to show all stack frames</a>
<div class='stack-trace' id='stack-trace239471777'><pre>org.openqa.selenium.NoSuchElementException: no such element: Unable to locate element: {&quot;method&quot;:&quot;xpath&quot;,&quot;selector&quot;:&quot;//select[@name=&apos;policyType&apos;]&quot;}
  (Session info: chrome=132.0.6834.83)
For documentation on this error, please visit: https://www.selenium.dev/documentation/webdriver/troubleshooting/errors#no-such-element-exception
Build info: version: &apos;4.27.0&apos;, revision: &apos;d6e718d134&apos;
System info: os.name: &apos;Windows 11&apos;, os.arch: &apos;amd64&apos;, os.version: &apos;10.0&apos;, java.version: &apos;23.0.1&apos;
Driver info: org.openqa.selenium.chrome.ChromeDriver
Command: [f0261795cdee710a0305dbc658570416, findElement {value=//select[@name=&apos;policyType&apos;], using=xpath}]
Capabilities {acceptInsecureCerts: false, browserName: chrome, browserVersion: 132.0.6834.83, chrome: {chromedriverVersion: 132.0.6834.83 (03d59cf5ecf1..., userDataDir: C:\Users\SKANNI~1\AppData\L...}, fedcm:accounts: true, goog:chromeOptions: {debuggerAddress: localhost:65283}, networkConnectionEnabled: false, pageLoadStrategy: normal, platformName: windows, proxy: Proxy(), se:cdp: ws://localhost:65283/devtoo..., se:cdpVersion: 132.0.6834.83, setWindowRect: true, strictFileInteractability: false, timeouts: {implicit: 0, pageLoad: 300000, script: 30000}, unhandledPromptBehavior: dismiss and notify, webauthn:extension:credBlob: true, webauthn:extension:largeBlob: true, webauthn:extension:minPinLength: true, webauthn:extension:prf: true, webauthn:virtualAuthenticators: true}
Session ID: f0261795cdee710a0305dbc658570416
	at java.base/jdk.internal.reflect.DirectConstructorHandleAccessor.newInstance(DirectConstructorHandleAccessor.java:62)
	at java.base/java.lang.reflect.Constructor.newInstanceWithCaller(Constructor.java:501)
	at java.base/java.lang.reflect.Constructor.newInstance(Constructor.java:485)
	at org.openqa.selenium.remote.ErrorCodec.decode(ErrorCodec.java:167)
	at org.openqa.selenium.remote.codec.w3c.W3CHttpResponseCodec.decode(W3CHttpResponseCodec.java:138)
	at org.openqa.selenium.remote.codec.w3c.W3CHttpResponseCodec.decode(W3CHttpResponseCodec.java:50)
	at org.openqa.selenium.remote.HttpCommandExecutor.execute(HttpCommandExecutor.java:190)
	at org.openqa.selenium.remote.service.DriverCommandExecutor.invokeExecute(DriverCommandExecutor.java:216)
	at org.openqa.selenium.remote.service.DriverCommandExecutor.execute(DriverCommandExecutor.java:174)
	at org.openqa.selenium.remote.RemoteWebDriver.execute(RemoteWebDriver.java:545)
	at org.openqa.selenium.remote.ElementLocation$ElementFinder$2.findElement(ElementLocation.java:165)
	at org.openqa.selenium.remote.ElementLocation.findElement(ElementLocation.java:59)
	at org.openqa.selenium.remote.RemoteWebDriver.findElement(RemoteWebDriver.java:368)
	at org.openqa.selenium.remote.RemoteWebDriver.findElement(RemoteWebDriver.java:362)
	at stepDefinition.F12_QuoteGeneration.userEntersAnd(F12_QuoteGeneration.java:21)
	at ✽.User enters &quot;Health&quot;, &quot;30000&quot; and &quot;26&quot;(file:///C:/Users/skanniyappan/git/repository/EXP_PROJECT_TEAM/src/test/resources/feature12_quoteGeneration.feature:8)
</pre></div></td>
<td>10</td>
<td>testRunner.RunnerClass@5aebe890</td></tr>
<tr>
<td title='testRunner.RunnerClass.runScenario()'><b>runScenario</b><br>Test class: testRunner.RunnerClass<br>Test method: Runs Cucumber Scenarios<br>Parameters: "Validation of Quote Generation Page", "ES19_Quote Generation"</td>
<td><div><pre>org.openqa.selenium.NoSuchElementException: no such element: Unable to locate element: {&quot;method&quot;:&quot;xpath&quot;,&quot;selector&quot;:&quot;//select[@name=&apos;policyType&apos;]&quot;}
  (Session info: chrome=132.0.6834.83)
For documentation on this error, please visit: https://www.selenium.dev/documentation/webdriver/troubleshooting/errors#no-such-element-exception
Build info: version: &apos;4.27.0&apos;, revision: &apos;d6e718d134&apos;
System info: os.name: &apos;Windows 11&apos;, os.arch: &apos;amd64&apos;, os.version: &apos;10.0&apos;, java.version: &apos;23.0.1&apos;
Driver info: org.openqa.selenium.chrome.ChromeDriver
Command: [08d2853d07772cb97d3b28a115b3a065, findElement {value=//select[@name=&apos;policyType&apos;], using=xpath}]
Capabilities {acceptInsecureCerts: false, browserName: chrome, browserVersion: 132.0.6834.83, chrome: {chromedriverVersion: 132.0.6834.83 (03d59cf5ecf1..., userDataDir: C:\Users\SKANNI~1\AppData\L...}, fedcm:accounts: true, goog:chromeOptions: {debuggerAddress: localhost:65258}, networkConnectionEnabled: false, pageLoadStrategy: normal, platformName: windows, proxy: Proxy(), se:cdp: ws://localhost:65258/devtoo..., se:cdpVersion: 132.0.6834.83, setWindowRect: true, strictFileInteractability: false, timeouts: {implicit: 0, pageLoad: 300000, script: 30000}, unhandledPromptBehavior: dismiss and notify, webauthn:extension:credBlob: true, webauthn:extension:largeBlob: true, webauthn:extension:minPinLength: true, webauthn:extension:prf: true, webauthn:virtualAuthenticators: true}
Session ID: 08d2853d07772cb97d3b28a115b3a065
	at java.base/jdk.internal.reflect.DirectConstructorHandleAccessor.newInstance(DirectConstructorHandleAccessor.java:62)
	at java.base/java.lang.reflect.Constructor.newInstanceWithCaller(Constructor.java:501)
	at java.base/java.lang.reflect.Constructor.newInstance(Constructor.java:485)
	at org.openqa.selenium.remote.ErrorCodec.decode(ErrorCodec.java:167)
	at org.openqa.selenium.remote.codec.w3c.W3CHttpResponseCodec.decode(W3CHttpResponseCodec.java:138)
	at org.openqa.selenium.remote.codec.w3c.W3CHttpResponseCodec.decode(W3CHttpResponseCodec.java:50)
	at org.openqa.selenium.remote.HttpCommandExecutor.execute(HttpCommandExecutor.java:190)
	at org.openqa.selenium.remote.service.DriverCommandExecutor.invokeExecute(DriverCommandExecutor.java:216)
	at org.openqa.selenium.remote.service.DriverCommandExecutor.execute(DriverCommandExecutor.java:174)
	at org.openqa.selenium.remote.RemoteWebDriver.execute(RemoteWebDriver.java:545)
	at org.openqa.selenium.remote.ElementLocation$ElementFinder$2.findElement(ElementLocation.java:165)
	at org.openqa.selenium.remote.ElementLocation.findElement(ElementLocation.java:59)
	at org.openqa.selenium.remote.RemoteWebDriver.findElement(RemoteWebDriver.java:368)
	at org.openqa.selenium.remote.RemoteWebDriver.findElement(RemoteWebDriver.java:362)
	at stepDefinition.F12_QuoteGeneration.userEntersAnd(F12_QuoteGeneration.java:21)
	at ✽.User enters &quot;Life&quot;, &quot;50000&quot; and &quot;25&quot;(file:///C:/Users/skanniyappan/git/repository/EXP_PROJECT_TEAM/src/test/resources/feature12_quoteGeneration.feature:8)
</pre></div><a href='#' onClick='toggleBox("stack-trace1714241157", this, "Click to show all stack frames", "Click to hide stack frames")'>Click to show all stack frames</a>
<div class='stack-trace' id='stack-trace1714241157'><pre>org.openqa.selenium.NoSuchElementException: no such element: Unable to locate element: {&quot;method&quot;:&quot;xpath&quot;,&quot;selector&quot;:&quot;//select[@name=&apos;policyType&apos;]&quot;}
  (Session info: chrome=132.0.6834.83)
For documentation on this error, please visit: https://www.selenium.dev/documentation/webdriver/troubleshooting/errors#no-such-element-exception
Build info: version: &apos;4.27.0&apos;, revision: &apos;d6e718d134&apos;
System info: os.name: &apos;Windows 11&apos;, os.arch: &apos;amd64&apos;, os.version: &apos;10.0&apos;, java.version: &apos;23.0.1&apos;
Driver info: org.openqa.selenium.chrome.ChromeDriver
Command: [08d2853d07772cb97d3b28a115b3a065, findElement {value=//select[@name=&apos;policyType&apos;], using=xpath}]
Capabilities {acceptInsecureCerts: false, browserName: chrome, browserVersion: 132.0.6834.83, chrome: {chromedriverVersion: 132.0.6834.83 (03d59cf5ecf1..., userDataDir: C:\Users\SKANNI~1\AppData\L...}, fedcm:accounts: true, goog:chromeOptions: {debuggerAddress: localhost:65258}, networkConnectionEnabled: false, pageLoadStrategy: normal, platformName: windows, proxy: Proxy(), se:cdp: ws://localhost:65258/devtoo..., se:cdpVersion: 132.0.6834.83, setWindowRect: true, strictFileInteractability: false, timeouts: {implicit: 0, pageLoad: 300000, script: 30000}, unhandledPromptBehavior: dismiss and notify, webauthn:extension:credBlob: true, webauthn:extension:largeBlob: true, webauthn:extension:minPinLength: true, webauthn:extension:prf: true, webauthn:virtualAuthenticators: true}
Session ID: 08d2853d07772cb97d3b28a115b3a065
	at java.base/jdk.internal.reflect.DirectConstructorHandleAccessor.newInstance(DirectConstructorHandleAccessor.java:62)
	at java.base/java.lang.reflect.Constructor.newInstanceWithCaller(Constructor.java:501)
	at java.base/java.lang.reflect.Constructor.newInstance(Constructor.java:485)
	at org.openqa.selenium.remote.ErrorCodec.decode(ErrorCodec.java:167)
	at org.openqa.selenium.remote.codec.w3c.W3CHttpResponseCodec.decode(W3CHttpResponseCodec.java:138)
	at org.openqa.selenium.remote.codec.w3c.W3CHttpResponseCodec.decode(W3CHttpResponseCodec.java:50)
	at org.openqa.selenium.remote.HttpCommandExecutor.execute(HttpCommandExecutor.java:190)
	at org.openqa.selenium.remote.service.DriverCommandExecutor.invokeExecute(DriverCommandExecutor.java:216)
	at org.openqa.selenium.remote.service.DriverCommandExecutor.execute(DriverCommandExecutor.java:174)
	at org.openqa.selenium.remote.RemoteWebDriver.execute(RemoteWebDriver.java:545)
	at org.openqa.selenium.remote.ElementLocation$ElementFinder$2.findElement(ElementLocation.java:165)
	at org.openqa.selenium.remote.ElementLocation.findElement(ElementLocation.java:59)
	at org.openqa.selenium.remote.RemoteWebDriver.findElement(RemoteWebDriver.java:368)
	at org.openqa.selenium.remote.RemoteWebDriver.findElement(RemoteWebDriver.java:362)
	at stepDefinition.F12_QuoteGeneration.userEntersAnd(F12_QuoteGeneration.java:21)
	at ✽.User enters &quot;Life&quot;, &quot;50000&quot; and &quot;25&quot;(file:///C:/Users/skanniyappan/git/repository/EXP_PROJECT_TEAM/src/test/resources/feature12_quoteGeneration.feature:8)
</pre></div></td>
<td>13</td>
<td>testRunner.RunnerClass@5aebe890</td></tr>
<tr>
<td title='testRunner.RunnerClass.runScenario()'><b>runScenario</b><br>Test class: testRunner.RunnerClass<br>Test method: Runs Cucumber Scenarios<br>Parameters: "Validation of Quote Generation Page", "ES19_Quote Generation"</td>
<td><div><pre>org.openqa.selenium.NoSuchElementException: no such element: Unable to locate element: {&quot;method&quot;:&quot;xpath&quot;,&quot;selector&quot;:&quot;//select[@name=&apos;policyType&apos;]&quot;}
  (Session info: chrome=132.0.6834.83)
For documentation on this error, please visit: https://www.selenium.dev/documentation/webdriver/troubleshooting/errors#no-such-element-exception
Build info: version: &apos;4.27.0&apos;, revision: &apos;d6e718d134&apos;
System info: os.name: &apos;Windows 11&apos;, os.arch: &apos;amd64&apos;, os.version: &apos;10.0&apos;, java.version: &apos;23.0.1&apos;
Driver info: org.openqa.selenium.chrome.ChromeDriver
Command: [384bcace372f486b749d105abc6ee633, findElement {value=//select[@name=&apos;policyType&apos;], using=xpath}]
Capabilities {acceptInsecureCerts: false, browserName: chrome, browserVersion: 132.0.6834.83, chrome: {chromedriverVersion: 132.0.6834.83 (03d59cf5ecf1..., userDataDir: C:\Users\SKANNI~1\AppData\L...}, fedcm:accounts: true, goog:chromeOptions: {debuggerAddress: localhost:65306}, networkConnectionEnabled: false, pageLoadStrategy: normal, platformName: windows, proxy: Proxy(), se:cdp: ws://localhost:65306/devtoo..., se:cdpVersion: 132.0.6834.83, setWindowRect: true, strictFileInteractability: false, timeouts: {implicit: 0, pageLoad: 300000, script: 30000}, unhandledPromptBehavior: dismiss and notify, webauthn:extension:credBlob: true, webauthn:extension:largeBlob: true, webauthn:extension:minPinLength: true, webauthn:extension:prf: true, webauthn:virtualAuthenticators: true}
Session ID: 384bcace372f486b749d105abc6ee633
	at java.base/jdk.internal.reflect.DirectConstructorHandleAccessor.newInstance(DirectConstructorHandleAccessor.java:62)
	at java.base/java.lang.reflect.Constructor.newInstanceWithCaller(Constructor.java:501)
	at java.base/java.lang.reflect.Constructor.newInstance(Constructor.java:485)
	at org.openqa.selenium.remote.ErrorCodec.decode(ErrorCodec.java:167)
	at org.openqa.selenium.remote.codec.w3c.W3CHttpResponseCodec.decode(W3CHttpResponseCodec.java:138)
	at org.openqa.selenium.remote.codec.w3c.W3CHttpResponseCodec.decode(W3CHttpResponseCodec.java:50)
	at org.openqa.selenium.remote.HttpCommandExecutor.execute(HttpCommandExecutor.java:190)
	at org.openqa.selenium.remote.service.DriverCommandExecutor.invokeExecute(DriverCommandExecutor.java:216)
	at org.openqa.selenium.remote.service.DriverCommandExecutor.execute(DriverCommandExecutor.java:174)
	at org.openqa.selenium.remote.RemoteWebDriver.execute(RemoteWebDriver.java:545)
	at org.openqa.selenium.remote.ElementLocation$ElementFinder$2.findElement(ElementLocation.java:165)
	at org.openqa.selenium.remote.ElementLocation.findElement(ElementLocation.java:59)
	at org.openqa.selenium.remote.RemoteWebDriver.findElement(RemoteWebDriver.java:368)
	at org.openqa.selenium.remote.RemoteWebDriver.findElement(RemoteWebDriver.java:362)
	at stepDefinition.F12_QuoteGeneration.userEntersAnd(F12_QuoteGeneration.java:21)
	at ✽.User enters &quot;Auto&quot;, &quot;40000&quot; and &quot;31&quot;(file:///C:/Users/skanniyappan/git/repository/EXP_PROJECT_TEAM/src/test/resources/feature12_quoteGeneration.feature:8)
</pre></div><a href='#' onClick='toggleBox("stack-trace1938841087", this, "Click to show all stack frames", "Click to hide stack frames")'>Click to show all stack frames</a>
<div class='stack-trace' id='stack-trace1938841087'><pre>org.openqa.selenium.NoSuchElementException: no such element: Unable to locate element: {&quot;method&quot;:&quot;xpath&quot;,&quot;selector&quot;:&quot;//select[@name=&apos;policyType&apos;]&quot;}
  (Session info: chrome=132.0.6834.83)
For documentation on this error, please visit: https://www.selenium.dev/documentation/webdriver/troubleshooting/errors#no-such-element-exception
Build info: version: &apos;4.27.0&apos;, revision: &apos;d6e718d134&apos;
System info: os.name: &apos;Windows 11&apos;, os.arch: &apos;amd64&apos;, os.version: &apos;10.0&apos;, java.version: &apos;23.0.1&apos;
Driver info: org.openqa.selenium.chrome.ChromeDriver
Command: [384bcace372f486b749d105abc6ee633, findElement {value=//select[@name=&apos;policyType&apos;], using=xpath}]
Capabilities {acceptInsecureCerts: false, browserName: chrome, browserVersion: 132.0.6834.83, chrome: {chromedriverVersion: 132.0.6834.83 (03d59cf5ecf1..., userDataDir: C:\Users\SKANNI~1\AppData\L...}, fedcm:accounts: true, goog:chromeOptions: {debuggerAddress: localhost:65306}, networkConnectionEnabled: false, pageLoadStrategy: normal, platformName: windows, proxy: Proxy(), se:cdp: ws://localhost:65306/devtoo..., se:cdpVersion: 132.0.6834.83, setWindowRect: true, strictFileInteractability: false, timeouts: {implicit: 0, pageLoad: 300000, script: 30000}, unhandledPromptBehavior: dismiss and notify, webauthn:extension:credBlob: true, webauthn:extension:largeBlob: true, webauthn:extension:minPinLength: true, webauthn:extension:prf: true, webauthn:virtualAuthenticators: true}
Session ID: 384bcace372f486b749d105abc6ee633
	at java.base/jdk.internal.reflect.DirectConstructorHandleAccessor.newInstance(DirectConstructorHandleAccessor.java:62)
	at java.base/java.lang.reflect.Constructor.newInstanceWithCaller(Constructor.java:501)
	at java.base/java.lang.reflect.Constructor.newInstance(Constructor.java:485)
	at org.openqa.selenium.remote.ErrorCodec.decode(ErrorCodec.java:167)
	at org.openqa.selenium.remote.codec.w3c.W3CHttpResponseCodec.decode(W3CHttpResponseCodec.java:138)
	at org.openqa.selenium.remote.codec.w3c.W3CHttpResponseCodec.decode(W3CHttpResponseCodec.java:50)
	at org.openqa.selenium.remote.HttpCommandExecutor.execute(HttpCommandExecutor.java:190)
	at org.openqa.selenium.remote.service.DriverCommandExecutor.invokeExecute(DriverCommandExecutor.java:216)
	at org.openqa.selenium.remote.service.DriverCommandExecutor.execute(DriverCommandExecutor.java:174)
	at org.openqa.selenium.remote.RemoteWebDriver.execute(RemoteWebDriver.java:545)
	at org.openqa.selenium.remote.ElementLocation$ElementFinder$2.findElement(ElementLocation.java:165)
	at org.openqa.selenium.remote.ElementLocation.findElement(ElementLocation.java:59)
	at org.openqa.selenium.remote.RemoteWebDriver.findElement(RemoteWebDriver.java:368)
	at org.openqa.selenium.remote.RemoteWebDriver.findElement(RemoteWebDriver.java:362)
	at stepDefinition.F12_QuoteGeneration.userEntersAnd(F12_QuoteGeneration.java:21)
	at ✽.User enters &quot;Auto&quot;, &quot;40000&quot; and &quot;31&quot;(file:///C:/Users/skanniyappan/git/repository/EXP_PROJECT_TEAM/src/test/resources/feature12_quoteGeneration.feature:8)
</pre></div></td>
<td>11</td>
<td>testRunner.RunnerClass@5aebe890</td></tr>
</table><p>
<table width='100%' border='1' class='invocation-passed'>
<tr><td colspan='4' align='center'><b>PASSED TESTS</b></td></tr>
<tr><td><b>Test method</b></td>
<td><b>Attribute(s)</b></td>
<td width="30%"><b>Exception</b></td>
<td width="10%"><b>Time (seconds)</b></td>
<td><b>Instance</b></td>
</tr>
<tr>
<td title='testRunner.RunnerClass.runScenario()'><b>runScenario</b><br>Test class: testRunner.RunnerClass<br>Test method: Runs Cucumber Scenarios<br>Parameters: "Validating New Insurance Details - Without Fields", "ES10_New Insurance Details - Negative Test Cases"</td>
<td></td>
<td>10</td>
<td>testRunner.RunnerClass@5aebe890</td></tr>
<tr>
<td title='testRunner.RunnerClass.runScenario()'><b>runScenario</b><br>Test class: testRunner.RunnerClass<br>Test method: Runs Cucumber Scenarios<br>Parameters: "user enters insurance policy details", "ES06_New Insurance"</td>
<td></td>
<td>16</td>
<td>testRunner.RunnerClass@5aebe890</td></tr>
<tr>
<td title='testRunner.RunnerClass.runScenario()'><b>runScenario</b><br>Test class: testRunner.RunnerClass<br>Test method: Runs Cucumber Scenarios<br>Parameters: "Validation of invalid credentials", "ES02_Invalid login Credentials validation for Expleosurance"</td>
<td></td>
<td>6</td>
<td>testRunner.RunnerClass@5aebe890</td></tr>
<tr>
<td title='testRunner.RunnerClass.runScenario()'><b>runScenario</b><br>Test class: testRunner.RunnerClass<br>Test method: Runs Cucumber Scenarios<br>Parameters: "Validating New Insurance Details - Without Fields", "ES10_New Insurance Details - Negative Test Cases"</td>
<td></td>
<td>17</td>
<td>testRunner.RunnerClass@5aebe890</td></tr>
<tr>
<td title='testRunner.RunnerClass.runScenario()'><b>runScenario</b><br>Test class: testRunner.RunnerClass<br>Test method: Runs Cucumber Scenarios<br>Parameters: "Validating Title and Current URL", "ES09_Get Title and Current URL"</td>
<td></td>
<td>18</td>
<td>testRunner.RunnerClass@5aebe890</td></tr>
<tr>
<td title='testRunner.RunnerClass.runScenario()'><b>runScenario</b><br>Test class: testRunner.RunnerClass<br>Test method: Runs Cucumber Scenarios<br>Parameters: "user enters insurance policy details", "ES06_New Insurance"</td>
<td></td>
<td>17</td>
<td>testRunner.RunnerClass@5aebe890</td></tr>
<tr>
<td title='testRunner.RunnerClass.runScenario()'><b>runScenario</b><br>Test class: testRunner.RunnerClass<br>Test method: Runs Cucumber Scenarios<br>Parameters: "user register the new account", "ES07_Register New Account"</td>
<td></td>
<td>23</td>
<td>testRunner.RunnerClass@5aebe890</td></tr>
<tr>
<td title='testRunner.RunnerClass.runScenario()'><b>runScenario</b><br>Test class: testRunner.RunnerClass<br>Test method: Runs Cucumber Scenarios<br>Parameters: "Validation of Empty credentials", "ES02_Invalid login Credentials validation for Expleosurance"</td>
<td></td>
<td>7</td>
<td>testRunner.RunnerClass@5aebe890</td></tr>
<tr>
<td title='testRunner.RunnerClass.runScenario()'><b>runScenario</b><br>Test class: testRunner.RunnerClass<br>Test method: Runs Cucumber Scenarios<br>Parameters: "Validating Delete Policy for Cancel button", "ES03_Delete Policy"</td>
<td></td>
<td>29</td>
<td>testRunner.RunnerClass@5aebe890</td></tr>
<tr>
<td title='testRunner.RunnerClass.runScenario()'><b>runScenario</b><br>Test class: testRunner.RunnerClass<br>Test method: Runs Cucumber Scenarios<br>Parameters: "user enters insurance policy details", "ES06_New Insurance"</td>
<td></td>
<td>22</td>
<td>testRunner.RunnerClass@5aebe890</td></tr>
<tr>
<td title='testRunner.RunnerClass.runScenario()'><b>runScenario</b><br>Test class: testRunner.RunnerClass<br>Test method: Runs Cucumber Scenarios<br>Parameters: "Validating New Insurance Details - Without Fields", "ES10_New Insurance Details - Negative Test Cases"</td>
<td></td>
<td>9</td>
<td>testRunner.RunnerClass@5aebe890</td></tr>
<tr>
<td title='testRunner.RunnerClass.runScenario()'><b>runScenario</b><br>Test class: testRunner.RunnerClass<br>Test method: Runs Cucumber Scenarios<br>Parameters: "Validation of Empty credentials", "ES02_Invalid login Credentials validation for Expleosurance"</td>
<td></td>
<td>6</td>
<td>testRunner.RunnerClass@5aebe890</td></tr>
<tr>
<td title='testRunner.RunnerClass.runScenario()'><b>runScenario</b><br>Test class: testRunner.RunnerClass<br>Test method: Runs Cucumber Scenarios<br>Parameters: "Print table header in console", "ES04_Get Table Header"</td>
<td></td>
<td>12</td>
<td>testRunner.RunnerClass@5aebe890</td></tr>
<tr>
<td title='testRunner.RunnerClass.runScenario()'><b>runScenario</b><br>Test class: testRunner.RunnerClass<br>Test method: Runs Cucumber Scenarios<br>Parameters: "user enters insurance policy details", "ES06_New Insurance"</td>
<td></td>
<td>16</td>
<td>testRunner.RunnerClass@5aebe890</td></tr>
<tr>
<td title='testRunner.RunnerClass.runScenario()'><b>runScenario</b><br>Test class: testRunner.RunnerClass<br>Test method: Runs Cucumber Scenarios<br>Parameters: "user enters insurance policy details", "ES06_New Insurance"</td>
<td></td>
<td>17</td>
<td>testRunner.RunnerClass@5aebe890</td></tr>
<tr>
<td title='testRunner.RunnerClass.runScenario()'><b>runScenario</b><br>Test class: testRunner.RunnerClass<br>Test method: Runs Cucumber Scenarios<br>Parameters: "Delete the Managed Users", "ES08_Admin Panel"</td>
<td></td>
<td>32</td>
<td>testRunner.RunnerClass@5aebe890</td></tr>
<tr>
<td title='testRunner.RunnerClass.runScenario()'><b>runScenario</b><br>Test class: testRunner.RunnerClass<br>Test method: Runs Cucumber Scenarios<br>Parameters: "Validation of Login using valid credentials", "ES01_Validating Login credentials for ExpleoSurance"</td>
<td></td>
<td>12</td>
<td>testRunner.RunnerClass@5aebe890</td></tr>
<tr>
<td title='testRunner.RunnerClass.runScenario()'><b>runScenario</b><br>Test class: testRunner.RunnerClass<br>Test method: Runs Cucumber Scenarios<br>Parameters: "Validation of invalid credentials", "ES02_Invalid login Credentials validation for Expleosurance"</td>
<td></td>
<td>6</td>
<td>testRunner.RunnerClass@5aebe890</td></tr>
<tr>
<td title='testRunner.RunnerClass.runScenario()'><b>runScenario</b><br>Test class: testRunner.RunnerClass<br>Test method: Runs Cucumber Scenarios<br>Parameters: "User is changing the Password", "ES05_User is changing the password"</td>
<td></td>
<td>13</td>
<td>testRunner.RunnerClass@5aebe890</td></tr>
<tr>
<td title='testRunner.RunnerClass.runScenario()'><b>runScenario</b><br>Test class: testRunner.RunnerClass<br>Test method: Runs Cucumber Scenarios<br>Parameters: "Validating New Insurance Details - Without Fields", "ES10_New Insurance Details - Negative Test Cases"</td>
<td></td>
<td>12</td>
<td>testRunner.RunnerClass@5aebe890</td></tr>
<tr>
<td title='testRunner.RunnerClass.runScenario()'><b>runScenario</b><br>Test class: testRunner.RunnerClass<br>Test method: Runs Cucumber Scenarios<br>Parameters: "Validating Delete Policy and Yes button", "ES03_Delete Policy"</td>
<td></td>
<td>28</td>
<td>testRunner.RunnerClass@5aebe890</td></tr>
<tr>
<td title='testRunner.RunnerClass.runScenario()'><b>runScenario</b><br>Test class: testRunner.RunnerClass<br>Test method: Runs Cucumber Scenarios<br>Parameters: "Validation of invalid credentials", "ES02_Invalid login Credentials validation for Expleosurance"</td>
<td></td>
<td>9</td>
<td>testRunner.RunnerClass@5aebe890</td></tr>
<tr>
<td title='testRunner.RunnerClass.runScenario()'><b>runScenario</b><br>Test class: testRunner.RunnerClass<br>Test method: Runs Cucumber Scenarios<br>Parameters: "Validating New Insurance Details - Without Fields", "ES10_New Insurance Details - Negative Test Cases"</td>
<td></td>
<td>11</td>
<td>testRunner.RunnerClass@5aebe890</td></tr>
<tr>
<td title='testRunner.RunnerClass.runScenario()'><b>runScenario</b><br>Test class: testRunner.RunnerClass<br>Test method: Runs Cucumber Scenarios<br>Parameters: "Validation of Premium Calculation in Payment Page", "ES18_Payment Page Validation"</td>
<td></td>
<td>14</td>
<td>testRunner.RunnerClass@5aebe890</td></tr>
<tr>
<td title='testRunner.RunnerClass.runScenario()'><b>runScenario</b><br>Test class: testRunner.RunnerClass<br>Test method: Runs Cucumber Scenarios<br>Parameters: "Validation of Empty credentials", "ES02_Invalid login Credentials validation for Expleosurance"</td>
<td></td>
<td>8</td>
<td>testRunner.RunnerClass@5aebe890</td></tr>
</table><p>
</body>
</html>